{
  "/home/tardigrade/PRO/Neo_Component/src/components/atoms/chat/bubbleChat.tsx": {
    "path": "/home/tardigrade/PRO/Neo_Component/src/components/atoms/chat/bubbleChat.tsx",
    "statementMap": {
      "0": {
        "start": {
          "line": 1,
          "column": 15
        },
        "end": {
          "line": 11,
          "column": 1
        }
      },
      "1": {
        "start": {
          "line": 2,
          "column": 4
        },
        "end": {
          "line": 9,
          "column": 6
        }
      },
      "2": {
        "start": {
          "line": 3,
          "column": 8
        },
        "end": {
          "line": 7,
          "column": 9
        }
      },
      "3": {
        "start": {
          "line": 3,
          "column": 24
        },
        "end": {
          "line": 3,
          "column": 25
        }
      },
      "4": {
        "start": {
          "line": 3,
          "column": 31
        },
        "end": {
          "line": 3,
          "column": 47
        }
      },
      "5": {
        "start": {
          "line": 4,
          "column": 12
        },
        "end": {
          "line": 4,
          "column": 29
        }
      },
      "6": {
        "start": {
          "line": 5,
          "column": 12
        },
        "end": {
          "line": 6,
          "column": 28
        }
      },
      "7": {
        "start": {
          "line": 5,
          "column": 29
        },
        "end": {
          "line": 6,
          "column": 28
        }
      },
      "8": {
        "start": {
          "line": 6,
          "column": 16
        },
        "end": {
          "line": 6,
          "column": 28
        }
      },
      "9": {
        "start": {
          "line": 8,
          "column": 8
        },
        "end": {
          "line": 8,
          "column": 17
        }
      },
      "10": {
        "start": {
          "line": 10,
          "column": 4
        },
        "end": {
          "line": 10,
          "column": 43
        }
      },
      "11": {
        "start": {
          "line": 13,
          "column": 17
        },
        "end": {
          "line": 16,
          "column": 1
        }
      },
      "12": {
        "start": {
          "line": 14,
          "column": 18
        },
        "end": {
          "line": 14,
          "column": 28
        }
      },
      "13": {
        "start": {
          "line": 14,
          "column": 39
        },
        "end": {
          "line": 14,
          "column": 48
        }
      },
      "14": {
        "start": {
          "line": 14,
          "column": 60
        },
        "end": {
          "line": 14,
          "column": 70
        }
      },
      "15": {
        "start": {
          "line": 15,
          "column": 4
        },
        "end": {
          "line": 15,
          "column": 249
        }
      }
    },
    "fnMap": {
      "0": {
        "name": "(anonymous_0)",
        "decl": {
          "start": {
            "line": 1,
            "column": 42
          },
          "end": {
            "line": 1,
            "column": 43
          }
        },
        "loc": {
          "start": {
            "line": 1,
            "column": 54
          },
          "end": {
            "line": 11,
            "column": 1
          }
        },
        "line": 1
      },
      "1": {
        "name": "(anonymous_1)",
        "decl": {
          "start": {
            "line": 2,
            "column": 32
          },
          "end": {
            "line": 2,
            "column": 33
          }
        },
        "loc": {
          "start": {
            "line": 2,
            "column": 44
          },
          "end": {
            "line": 9,
            "column": 5
          }
        },
        "line": 2
      },
      "2": {
        "name": "(anonymous_2)",
        "decl": {
          "start": {
            "line": 13,
            "column": 17
          },
          "end": {
            "line": 13,
            "column": 18
          }
        },
        "loc": {
          "start": {
            "line": 13,
            "column": 31
          },
          "end": {
            "line": 16,
            "column": 1
          }
        },
        "line": 13
      }
    },
    "branchMap": {
      "0": {
        "loc": {
          "start": {
            "line": 1,
            "column": 15
          },
          "end": {
            "line": 11,
            "column": 1
          }
        },
        "type": "binary-expr",
        "locations": [
          {
            "start": {
              "line": 1,
              "column": 16
            },
            "end": {
              "line": 1,
              "column": 20
            }
          },
          {
            "start": {
              "line": 1,
              "column": 24
            },
            "end": {
              "line": 1,
              "column": 37
            }
          },
          {
            "start": {
              "line": 1,
              "column": 42
            },
            "end": {
              "line": 11,
              "column": 1
            }
          }
        ],
        "line": 1
      },
      "1": {
        "loc": {
          "start": {
            "line": 2,
            "column": 15
          },
          "end": {
            "line": 9,
            "column": 5
          }
        },
        "type": "binary-expr",
        "locations": [
          {
            "start": {
              "line": 2,
              "column": 15
            },
            "end": {
              "line": 2,
              "column": 28
            }
          },
          {
            "start": {
              "line": 2,
              "column": 32
            },
            "end": {
              "line": 9,
              "column": 5
            }
          }
        ],
        "line": 2
      },
      "2": {
        "loc": {
          "start": {
            "line": 5,
            "column": 29
          },
          "end": {
            "line": 6,
            "column": 28
          }
        },
        "type": "if",
        "locations": [
          {
            "start": {
              "line": 5,
              "column": 29
            },
            "end": {
              "line": 6,
              "column": 28
            }
          },
          {
            "start": {},
            "end": {}
          }
        ],
        "line": 5
      },
      "3": {
        "loc": {
          "start": {
            "line": 15,
            "column": 76
          },
          "end": {
            "line": 15,
            "column": 112
          }
        },
        "type": "binary-expr",
        "locations": [
          {
            "start": {
              "line": 15,
              "column": 76
            },
            "end": {
              "line": 15,
              "column": 82
            }
          },
          {
            "start": {
              "line": 15,
              "column": 86
            },
            "end": {
              "line": 15,
              "column": 112
            }
          }
        ],
        "line": 15
      }
    },
    "s": {
      "0": 97,
      "1": 6,
      "2": 0,
      "3": 0,
      "4": 0,
      "5": 0,
      "6": 0,
      "7": 0,
      "8": 0,
      "9": 0,
      "10": 6,
      "11": 97,
      "12": 20,
      "13": 20,
      "14": 20,
      "15": 20
    },
    "f": {
      "0": 6,
      "1": 0,
      "2": 20
    },
    "b": {
      "0": [
        97,
        0,
        97
      ],
      "1": [
        6,
        0
      ],
      "2": [
        0,
        0
      ],
      "3": [
        20,
        3
      ]
    },
    "inputSourceMap": {
      "version": 3,
      "file": "/home/tardigrade/PRO/Neo_Component/src/components/atoms/chat/bubbleChat.tsx",
      "sourceRoot": "",
      "sources": [
        "/home/tardigrade/PRO/Neo_Component/src/components/atoms/chat/bubbleChat.tsx"
      ],
      "names": [],
      "mappings": ";;;;;;;;;;;;AAOA,IAAM,UAAU,GAAG,UAAC,EAAmC;QAAjC,OAAO,aAAA,EAAE,MAAM,YAAA,EAAE,OAAO,aAAA;IAC1C,OAAO,CACH,uBACI,SAAS,EAAK,OAAO,uBACnB,MAAM,IAAI,0BAA0B,kEACS,iBACnC,iBAAiB,gBAE5B,OAAO,YACN,CACT,CAAC;AACN,CAAC,CAAC;AAEF,eAAe,UAAU,CAAC",
      "sourcesContent": [
        "import React, { ReactElement } from \"react\";\r\ninterface Props {\r\n    bgColor?: string;\r\n    border?: boolean;\r\n    content: string;\r\n}\r\n\r\nconst BubbleChat = ({ bgColor, border, content }: Props): ReactElement => {\r\n    return (\r\n        <div\r\n            className={`${bgColor}\r\n            ${border && \"border-2 border-neo-bg-B\"}\r\n             text-xxs rounded-md p-2  text-neo-light-grey `}\r\n            data-testid=\"bubbleChat-body\"\r\n        >\r\n            {content}\r\n        </div>\r\n    );\r\n};\r\n\r\nexport default BubbleChat;\r\n"
      ]
    },
    "_coverageSchema": "1a1c01bbd47fc00a2c39e90264f33305004495a9",
    "hash": "a85e0d0440047cda953dec22ce55c02f6ac1ebeb"
  },
  "/home/tardigrade/PRO/Neo_Component/src/components/atoms/button.tsx": {
    "path": "/home/tardigrade/PRO/Neo_Component/src/components/atoms/button.tsx",
    "statementMap": {
      "0": {
        "start": {
          "line": 1,
          "column": 15
        },
        "end": {
          "line": 11,
          "column": 1
        }
      },
      "1": {
        "start": {
          "line": 2,
          "column": 4
        },
        "end": {
          "line": 9,
          "column": 6
        }
      },
      "2": {
        "start": {
          "line": 3,
          "column": 8
        },
        "end": {
          "line": 7,
          "column": 9
        }
      },
      "3": {
        "start": {
          "line": 3,
          "column": 24
        },
        "end": {
          "line": 3,
          "column": 25
        }
      },
      "4": {
        "start": {
          "line": 3,
          "column": 31
        },
        "end": {
          "line": 3,
          "column": 47
        }
      },
      "5": {
        "start": {
          "line": 4,
          "column": 12
        },
        "end": {
          "line": 4,
          "column": 29
        }
      },
      "6": {
        "start": {
          "line": 5,
          "column": 12
        },
        "end": {
          "line": 6,
          "column": 28
        }
      },
      "7": {
        "start": {
          "line": 5,
          "column": 29
        },
        "end": {
          "line": 6,
          "column": 28
        }
      },
      "8": {
        "start": {
          "line": 6,
          "column": 16
        },
        "end": {
          "line": 6,
          "column": 28
        }
      },
      "9": {
        "start": {
          "line": 8,
          "column": 8
        },
        "end": {
          "line": 8,
          "column": 17
        }
      },
      "10": {
        "start": {
          "line": 10,
          "column": 4
        },
        "end": {
          "line": 10,
          "column": 43
        }
      },
      "11": {
        "start": {
          "line": 14,
          "column": 13
        },
        "end": {
          "line": 17,
          "column": 1
        }
      },
      "12": {
        "start": {
          "line": 15,
          "column": 20
        },
        "end": {
          "line": 15,
          "column": 32
        }
      },
      "13": {
        "start": {
          "line": 15,
          "column": 41
        },
        "end": {
          "line": 15,
          "column": 48
        }
      },
      "14": {
        "start": {
          "line": 15,
          "column": 61
        },
        "end": {
          "line": 15,
          "column": 72
        }
      },
      "15": {
        "start": {
          "line": 15,
          "column": 86
        },
        "end": {
          "line": 15,
          "column": 98
        }
      },
      "16": {
        "start": {
          "line": 15,
          "column": 111
        },
        "end": {
          "line": 15,
          "column": 122
        }
      },
      "17": {
        "start": {
          "line": 15,
          "column": 140
        },
        "end": {
          "line": 15,
          "column": 156
        }
      },
      "18": {
        "start": {
          "line": 15,
          "column": 164
        },
        "end": {
          "line": 15,
          "column": 170
        }
      },
      "19": {
        "start": {
          "line": 15,
          "column": 187
        },
        "end": {
          "line": 15,
          "column": 202
        }
      },
      "20": {
        "start": {
          "line": 15,
          "column": 212
        },
        "end": {
          "line": 15,
          "column": 220
        }
      },
      "21": {
        "start": {
          "line": 15,
          "column": 231
        },
        "end": {
          "line": 15,
          "column": 240
        }
      },
      "22": {
        "start": {
          "line": 15,
          "column": 247
        },
        "end": {
          "line": 15,
          "column": 254
        }
      },
      "23": {
        "start": {
          "line": 15,
          "column": 263
        },
        "end": {
          "line": 15,
          "column": 292
        }
      },
      "24": {
        "start": {
          "line": 16,
          "column": 4
        },
        "end": {
          "line": 16,
          "column": 410
        }
      }
    },
    "fnMap": {
      "0": {
        "name": "(anonymous_0)",
        "decl": {
          "start": {
            "line": 1,
            "column": 42
          },
          "end": {
            "line": 1,
            "column": 43
          }
        },
        "loc": {
          "start": {
            "line": 1,
            "column": 54
          },
          "end": {
            "line": 11,
            "column": 1
          }
        },
        "line": 1
      },
      "1": {
        "name": "(anonymous_1)",
        "decl": {
          "start": {
            "line": 2,
            "column": 32
          },
          "end": {
            "line": 2,
            "column": 33
          }
        },
        "loc": {
          "start": {
            "line": 2,
            "column": 44
          },
          "end": {
            "line": 9,
            "column": 5
          }
        },
        "line": 2
      },
      "2": {
        "name": "(anonymous_2)",
        "decl": {
          "start": {
            "line": 14,
            "column": 13
          },
          "end": {
            "line": 14,
            "column": 14
          }
        },
        "loc": {
          "start": {
            "line": 14,
            "column": 27
          },
          "end": {
            "line": 17,
            "column": 1
          }
        },
        "line": 14
      }
    },
    "branchMap": {
      "0": {
        "loc": {
          "start": {
            "line": 1,
            "column": 15
          },
          "end": {
            "line": 11,
            "column": 1
          }
        },
        "type": "binary-expr",
        "locations": [
          {
            "start": {
              "line": 1,
              "column": 16
            },
            "end": {
              "line": 1,
              "column": 20
            }
          },
          {
            "start": {
              "line": 1,
              "column": 24
            },
            "end": {
              "line": 1,
              "column": 37
            }
          },
          {
            "start": {
              "line": 1,
              "column": 42
            },
            "end": {
              "line": 11,
              "column": 1
            }
          }
        ],
        "line": 1
      },
      "1": {
        "loc": {
          "start": {
            "line": 2,
            "column": 15
          },
          "end": {
            "line": 9,
            "column": 5
          }
        },
        "type": "binary-expr",
        "locations": [
          {
            "start": {
              "line": 2,
              "column": 15
            },
            "end": {
              "line": 2,
              "column": 28
            }
          },
          {
            "start": {
              "line": 2,
              "column": 32
            },
            "end": {
              "line": 9,
              "column": 5
            }
          }
        ],
        "line": 2
      },
      "2": {
        "loc": {
          "start": {
            "line": 5,
            "column": 29
          },
          "end": {
            "line": 6,
            "column": 28
          }
        },
        "type": "if",
        "locations": [
          {
            "start": {
              "line": 5,
              "column": 29
            },
            "end": {
              "line": 6,
              "column": 28
            }
          },
          {
            "start": {},
            "end": {}
          }
        ],
        "line": 5
      },
      "3": {
        "loc": {
          "start": {
            "line": 15,
            "column": 263
          },
          "end": {
            "line": 15,
            "column": 292
          }
        },
        "type": "cond-expr",
        "locations": [
          {
            "start": {
              "line": 15,
              "column": 279
            },
            "end": {
              "line": 15,
              "column": 287
            }
          },
          {
            "start": {
              "line": 15,
              "column": 290
            },
            "end": {
              "line": 15,
              "column": 292
            }
          }
        ],
        "line": 15
      },
      "4": {
        "loc": {
          "start": {
            "line": 16,
            "column": 165
          },
          "end": {
            "line": 16,
            "column": 249
          }
        },
        "type": "binary-expr",
        "locations": [
          {
            "start": {
              "line": 16,
              "column": 165
            },
            "end": {
              "line": 16,
              "column": 168
            }
          },
          {
            "start": {
              "line": 16,
              "column": 172
            },
            "end": {
              "line": 16,
              "column": 249
            }
          }
        ],
        "line": 16
      },
      "5": {
        "loc": {
          "start": {
            "line": 16,
            "column": 257
          },
          "end": {
            "line": 16,
            "column": 395
          }
        },
        "type": "binary-expr",
        "locations": [
          {
            "start": {
              "line": 16,
              "column": 257
            },
            "end": {
              "line": 16,
              "column": 265
            }
          },
          {
            "start": {
              "line": 16,
              "column": 270
            },
            "end": {
              "line": 16,
              "column": 394
            }
          }
        ],
        "line": 16
      }
    },
    "s": {
      "0": 97,
      "1": 9,
      "2": 0,
      "3": 0,
      "4": 0,
      "5": 0,
      "6": 0,
      "7": 0,
      "8": 0,
      "9": 0,
      "10": 9,
      "11": 97,
      "12": 24,
      "13": 24,
      "14": 24,
      "15": 24,
      "16": 24,
      "17": 24,
      "18": 24,
      "19": 24,
      "20": 24,
      "21": 24,
      "22": 24,
      "23": 24,
      "24": 24
    },
    "f": {
      "0": 9,
      "1": 0,
      "2": 24
    },
    "b": {
      "0": [
        97,
        0,
        97
      ],
      "1": [
        9,
        0
      ],
      "2": [
        0,
        0
      ],
      "3": [
        22,
        2
      ],
      "4": [
        24,
        0
      ],
      "5": [
        24,
        0
      ]
    },
    "inputSourceMap": {
      "version": 3,
      "file": "/home/tardigrade/PRO/Neo_Component/src/components/atoms/button.tsx",
      "sourceRoot": "",
      "sources": [
        "/home/tardigrade/PRO/Neo_Component/src/components/atoms/button.tsx"
      ],
      "names": [],
      "mappings": ";;;;;;;;;;;;AACA,OAAO,EAAE,eAAe,EAAE,MAAM,gCAAgC,CAAC;AAiBjE,IAAM,MAAM,GAAG,UAAC,EAYR;QAXJ,SAAS,eAAA,EACT,IAAI,UAAA,EACJ,QAAQ,cAAA,EACR,SAAS,eAAA,EACT,QAAQ,cAAA,EACR,aAAa,mBAAA,EACb,GAAG,SAAA,EACH,YAAY,kBAAA,EACZ,KAAK,WAAA,EACL,MAAM,YAAA,EACN,YAAe,EAAf,IAAI,mBAAG,QAAQ,KAAA;IAEf,OAAO,CACH,2BACI,IAAI,EAAE,IAAI,EACV,SAAS,EAAE,SAAS,EACpB,OAAO,EAAE,SAAS,iBACL,MAAM,EACnB,QAAQ,EAAE,QAAQ,EAClB,KAAK,EAAE,KAAK,iBAEX,GAAG,IAAI,uBAAK,SAAS,EAAE,YAAY,gBAAG,GAAG,YAAO,EAChD,IAAI,EACJ,QAAQ,IAAI,CACT,uBAAK,SAAS,EAAE,aAAa,gBACzB,KAAC,eAAe,IAAC,IAAI,EAAE,QAAQ,WAAI,YACjC,CACT,aACI,CACZ,CAAC;AACN,CAAC,CAAC;AAEF,eAAe,MAAM,CAAC",
      "sourcesContent": [
        "import React, { ReactElement } from \"react\";\r\nimport { FontAwesomeIcon } from \"@fortawesome/react-fontawesome\";\r\nimport { IconProp } from \"@fortawesome/fontawesome-svg-core\";\r\n\r\ninterface Props {\r\n    className?: string;\r\n    data?: string;\r\n    disabled?: boolean;\r\n    fCallback?: () => void;\r\n    fontIcon?: IconProp;\r\n    iconClassName?: string;\r\n    svg?: ReactElement;\r\n    svgClassName?: string;\r\n    style?: React.CSSProperties;\r\n    testId?: string;\r\n    type?: \"button\" | \"submit\" | \"reset\";\r\n}\r\n\r\nconst Button = ({\r\n    className,\r\n    data,\r\n    disabled,\r\n    fCallback,\r\n    fontIcon,\r\n    iconClassName,\r\n    svg,\r\n    svgClassName,\r\n    style,\r\n    testId,\r\n    type = \"button\",\r\n}: Props): ReactElement => {\r\n    return (\r\n        <button\r\n            type={type}\r\n            className={className}\r\n            onClick={fCallback}\r\n            data-testid={testId}\r\n            disabled={disabled}\r\n            style={style}\r\n        >\r\n            {svg && <div className={svgClassName}>{svg}</div>}\r\n            {data}\r\n            {fontIcon && (\r\n                <div className={iconClassName}>\r\n                    <FontAwesomeIcon icon={fontIcon} />\r\n                </div>\r\n            )}\r\n        </button>\r\n    );\r\n};\r\n\r\nexport default Button;\r\n"
      ]
    },
    "_coverageSchema": "1a1c01bbd47fc00a2c39e90264f33305004495a9",
    "hash": "e7c0dcf7a3143c02593aa1ffdb66e72587067fce"
  },
  "/home/tardigrade/PRO/Neo_Component/src/components/atoms/buttonSwitch.tsx": {
    "path": "/home/tardigrade/PRO/Neo_Component/src/components/atoms/buttonSwitch.tsx",
    "statementMap": {
      "0": {
        "start": {
          "line": 1,
          "column": 15
        },
        "end": {
          "line": 11,
          "column": 1
        }
      },
      "1": {
        "start": {
          "line": 2,
          "column": 4
        },
        "end": {
          "line": 9,
          "column": 6
        }
      },
      "2": {
        "start": {
          "line": 3,
          "column": 8
        },
        "end": {
          "line": 7,
          "column": 9
        }
      },
      "3": {
        "start": {
          "line": 3,
          "column": 24
        },
        "end": {
          "line": 3,
          "column": 25
        }
      },
      "4": {
        "start": {
          "line": 3,
          "column": 31
        },
        "end": {
          "line": 3,
          "column": 47
        }
      },
      "5": {
        "start": {
          "line": 4,
          "column": 12
        },
        "end": {
          "line": 4,
          "column": 29
        }
      },
      "6": {
        "start": {
          "line": 5,
          "column": 12
        },
        "end": {
          "line": 6,
          "column": 28
        }
      },
      "7": {
        "start": {
          "line": 5,
          "column": 29
        },
        "end": {
          "line": 6,
          "column": 28
        }
      },
      "8": {
        "start": {
          "line": 6,
          "column": 16
        },
        "end": {
          "line": 6,
          "column": 28
        }
      },
      "9": {
        "start": {
          "line": 8,
          "column": 8
        },
        "end": {
          "line": 8,
          "column": 17
        }
      },
      "10": {
        "start": {
          "line": 10,
          "column": 4
        },
        "end": {
          "line": 10,
          "column": 43
        }
      },
      "11": {
        "start": {
          "line": 15,
          "column": 19
        },
        "end": {
          "line": 25,
          "column": 1
        }
      },
      "12": {
        "start": {
          "line": 16,
          "column": 13
        },
        "end": {
          "line": 16,
          "column": 22
        }
      },
      "13": {
        "start": {
          "line": 16,
          "column": 33
        },
        "end": {
          "line": 16,
          "column": 59
        }
      },
      "14": {
        "start": {
          "line": 16,
          "column": 79
        },
        "end": {
          "line": 16,
          "column": 97
        }
      },
      "15": {
        "start": {
          "line": 16,
          "column": 112
        },
        "end": {
          "line": 16,
          "column": 125
        }
      },
      "16": {
        "start": {
          "line": 16,
          "column": 144
        },
        "end": {
          "line": 16,
          "column": 161
        }
      },
      "17": {
        "start": {
          "line": 16,
          "column": 185
        },
        "end": {
          "line": 16,
          "column": 207
        }
      },
      "18": {
        "start": {
          "line": 16,
          "column": 220
        },
        "end": {
          "line": 16,
          "column": 231
        }
      },
      "19": {
        "start": {
          "line": 16,
          "column": 245
        },
        "end": {
          "line": 16,
          "column": 257
        }
      },
      "20": {
        "start": {
          "line": 16,
          "column": 279
        },
        "end": {
          "line": 16,
          "column": 299
        }
      },
      "21": {
        "start": {
          "line": 16,
          "column": 316
        },
        "end": {
          "line": 16,
          "column": 331
        }
      },
      "22": {
        "start": {
          "line": 16,
          "column": 352
        },
        "end": {
          "line": 16,
          "column": 371
        }
      },
      "23": {
        "start": {
          "line": 16,
          "column": 397
        },
        "end": {
          "line": 16,
          "column": 421
        }
      },
      "24": {
        "start": {
          "line": 16,
          "column": 432
        },
        "end": {
          "line": 16,
          "column": 441
        }
      },
      "25": {
        "start": {
          "line": 16,
          "column": 448
        },
        "end": {
          "line": 16,
          "column": 455
        }
      },
      "26": {
        "start": {
          "line": 16,
          "column": 464
        },
        "end": {
          "line": 16,
          "column": 493
        }
      },
      "27": {
        "start": {
          "line": 17,
          "column": 13
        },
        "end": {
          "line": 17,
          "column": 29
        }
      },
      "28": {
        "start": {
          "line": 17,
          "column": 42
        },
        "end": {
          "line": 17,
          "column": 47
        }
      },
      "29": {
        "start": {
          "line": 17,
          "column": 63
        },
        "end": {
          "line": 17,
          "column": 68
        }
      },
      "30": {
        "start": {
          "line": 18,
          "column": 4
        },
        "end": {
          "line": 20,
          "column": 17
        }
      },
      "31": {
        "start": {
          "line": 19,
          "column": 8
        },
        "end": {
          "line": 19,
          "column": 28
        }
      },
      "32": {
        "start": {
          "line": 21,
          "column": 4
        },
        "end": {
          "line": 24,
          "column": 629
        }
      },
      "33": {
        "start": {
          "line": 22,
          "column": 12
        },
        "end": {
          "line": 22,
          "column": 35
        }
      },
      "34": {
        "start": {
          "line": 23,
          "column": 12
        },
        "end": {
          "line": 23,
          "column": 45
        }
      }
    },
    "fnMap": {
      "0": {
        "name": "(anonymous_0)",
        "decl": {
          "start": {
            "line": 1,
            "column": 42
          },
          "end": {
            "line": 1,
            "column": 43
          }
        },
        "loc": {
          "start": {
            "line": 1,
            "column": 54
          },
          "end": {
            "line": 11,
            "column": 1
          }
        },
        "line": 1
      },
      "1": {
        "name": "(anonymous_1)",
        "decl": {
          "start": {
            "line": 2,
            "column": 32
          },
          "end": {
            "line": 2,
            "column": 33
          }
        },
        "loc": {
          "start": {
            "line": 2,
            "column": 44
          },
          "end": {
            "line": 9,
            "column": 5
          }
        },
        "line": 2
      },
      "2": {
        "name": "(anonymous_2)",
        "decl": {
          "start": {
            "line": 15,
            "column": 19
          },
          "end": {
            "line": 15,
            "column": 20
          }
        },
        "loc": {
          "start": {
            "line": 15,
            "column": 33
          },
          "end": {
            "line": 25,
            "column": 1
          }
        },
        "line": 15
      },
      "3": {
        "name": "(anonymous_3)",
        "decl": {
          "start": {
            "line": 18,
            "column": 14
          },
          "end": {
            "line": 18,
            "column": 15
          }
        },
        "loc": {
          "start": {
            "line": 18,
            "column": 26
          },
          "end": {
            "line": 20,
            "column": 5
          }
        },
        "line": 18
      },
      "4": {
        "name": "(anonymous_4)",
        "decl": {
          "start": {
            "line": 21,
            "column": 189
          },
          "end": {
            "line": 21,
            "column": 190
          }
        },
        "loc": {
          "start": {
            "line": 21,
            "column": 201
          },
          "end": {
            "line": 24,
            "column": 9
          }
        },
        "line": 21
      }
    },
    "branchMap": {
      "0": {
        "loc": {
          "start": {
            "line": 1,
            "column": 15
          },
          "end": {
            "line": 11,
            "column": 1
          }
        },
        "type": "binary-expr",
        "locations": [
          {
            "start": {
              "line": 1,
              "column": 16
            },
            "end": {
              "line": 1,
              "column": 20
            }
          },
          {
            "start": {
              "line": 1,
              "column": 24
            },
            "end": {
              "line": 1,
              "column": 37
            }
          },
          {
            "start": {
              "line": 1,
              "column": 42
            },
            "end": {
              "line": 11,
              "column": 1
            }
          }
        ],
        "line": 1
      },
      "1": {
        "loc": {
          "start": {
            "line": 2,
            "column": 15
          },
          "end": {
            "line": 9,
            "column": 5
          }
        },
        "type": "binary-expr",
        "locations": [
          {
            "start": {
              "line": 2,
              "column": 15
            },
            "end": {
              "line": 2,
              "column": 28
            }
          },
          {
            "start": {
              "line": 2,
              "column": 32
            },
            "end": {
              "line": 9,
              "column": 5
            }
          }
        ],
        "line": 2
      },
      "2": {
        "loc": {
          "start": {
            "line": 5,
            "column": 29
          },
          "end": {
            "line": 6,
            "column": 28
          }
        },
        "type": "if",
        "locations": [
          {
            "start": {
              "line": 5,
              "column": 29
            },
            "end": {
              "line": 6,
              "column": 28
            }
          },
          {
            "start": {},
            "end": {}
          }
        ],
        "line": 5
      },
      "3": {
        "loc": {
          "start": {
            "line": 16,
            "column": 33
          },
          "end": {
            "line": 16,
            "column": 59
          }
        },
        "type": "cond-expr",
        "locations": [
          {
            "start": {
              "line": 16,
              "column": 49
            },
            "end": {
              "line": 16,
              "column": 54
            }
          },
          {
            "start": {
              "line": 16,
              "column": 57
            },
            "end": {
              "line": 16,
              "column": 59
            }
          }
        ],
        "line": 16
      },
      "4": {
        "loc": {
          "start": {
            "line": 16,
            "column": 464
          },
          "end": {
            "line": 16,
            "column": 493
          }
        },
        "type": "cond-expr",
        "locations": [
          {
            "start": {
              "line": 16,
              "column": 480
            },
            "end": {
              "line": 16,
              "column": 488
            }
          },
          {
            "start": {
              "line": 16,
              "column": 491
            },
            "end": {
              "line": 16,
              "column": 493
            }
          }
        ],
        "line": 16
      },
      "5": {
        "loc": {
          "start": {
            "line": 21,
            "column": 102
          },
          "end": {
            "line": 21,
            "column": 148
          }
        },
        "type": "cond-expr",
        "locations": [
          {
            "start": {
              "line": 21,
              "column": 113
            },
            "end": {
              "line": 21,
              "column": 128
            }
          },
          {
            "start": {
              "line": 21,
              "column": 131
            },
            "end": {
              "line": 21,
              "column": 148
            }
          }
        ],
        "line": 21
      },
      "6": {
        "loc": {
          "start": {
            "line": 23,
            "column": 12
          },
          "end": {
            "line": 23,
            "column": 44
          }
        },
        "type": "binary-expr",
        "locations": [
          {
            "start": {
              "line": 23,
              "column": 12
            },
            "end": {
              "line": 23,
              "column": 21
            }
          },
          {
            "start": {
              "line": 23,
              "column": 25
            },
            "end": {
              "line": 23,
              "column": 44
            }
          }
        ],
        "line": 23
      },
      "7": {
        "loc": {
          "start": {
            "line": 24,
            "column": 81
          },
          "end": {
            "line": 24,
            "column": 253
          }
        },
        "type": "cond-expr",
        "locations": [
          {
            "start": {
              "line": 24,
              "column": 92
            },
            "end": {
              "line": 24,
              "column": 170
            }
          },
          {
            "start": {
              "line": 24,
              "column": 173
            },
            "end": {
              "line": 24,
              "column": 253
            }
          }
        ],
        "line": 24
      },
      "8": {
        "loc": {
          "start": {
            "line": 24,
            "column": 255
          },
          "end": {
            "line": 24,
            "column": 614
          }
        },
        "type": "binary-expr",
        "locations": [
          {
            "start": {
              "line": 24,
              "column": 255
            },
            "end": {
              "line": 24,
              "column": 269
            }
          },
          {
            "start": {
              "line": 24,
              "column": 273
            },
            "end": {
              "line": 24,
              "column": 289
            }
          },
          {
            "start": {
              "line": 24,
              "column": 294
            },
            "end": {
              "line": 24,
              "column": 613
            }
          }
        ],
        "line": 24
      },
      "9": {
        "loc": {
          "start": {
            "line": 24,
            "column": 400
          },
          "end": {
            "line": 24,
            "column": 454
          }
        },
        "type": "cond-expr",
        "locations": [
          {
            "start": {
              "line": 24,
              "column": 411
            },
            "end": {
              "line": 24,
              "column": 430
            }
          },
          {
            "start": {
              "line": 24,
              "column": 433
            },
            "end": {
              "line": 24,
              "column": 454
            }
          }
        ],
        "line": 24
      },
      "10": {
        "loc": {
          "start": {
            "line": 24,
            "column": 546
          },
          "end": {
            "line": 24,
            "column": 590
          }
        },
        "type": "cond-expr",
        "locations": [
          {
            "start": {
              "line": 24,
              "column": 557
            },
            "end": {
              "line": 24,
              "column": 571
            }
          },
          {
            "start": {
              "line": 24,
              "column": 574
            },
            "end": {
              "line": 24,
              "column": 590
            }
          }
        ],
        "line": 24
      }
    },
    "s": {
      "0": 97,
      "1": 4,
      "2": 0,
      "3": 0,
      "4": 0,
      "5": 0,
      "6": 0,
      "7": 0,
      "8": 0,
      "9": 0,
      "10": 4,
      "11": 97,
      "12": 2,
      "13": 2,
      "14": 2,
      "15": 2,
      "16": 2,
      "17": 2,
      "18": 2,
      "19": 2,
      "20": 2,
      "21": 2,
      "22": 2,
      "23": 2,
      "24": 2,
      "25": 2,
      "26": 2,
      "27": 2,
      "28": 2,
      "29": 2,
      "30": 2,
      "31": 2,
      "32": 2,
      "33": 0,
      "34": 0
    },
    "f": {
      "0": 4,
      "1": 0,
      "2": 2,
      "3": 2,
      "4": 0
    },
    "b": {
      "0": [
        97,
        0,
        97
      ],
      "1": [
        4,
        0
      ],
      "2": [
        0,
        0
      ],
      "3": [
        2,
        0
      ],
      "4": [
        2,
        0
      ],
      "5": [
        0,
        2
      ],
      "6": [
        0,
        0
      ],
      "7": [
        0,
        2
      ],
      "8": [
        2,
        2,
        2
      ],
      "9": [
        0,
        2
      ],
      "10": [
        0,
        2
      ]
    },
    "inputSourceMap": {
      "version": 3,
      "file": "/home/tardigrade/PRO/Neo_Component/src/components/atoms/buttonSwitch.tsx",
      "sourceRoot": "",
      "sources": [
        "/home/tardigrade/PRO/Neo_Component/src/components/atoms/buttonSwitch.tsx"
      ],
      "names": [],
      "mappings": ";;;;;;;;;;;;AAAA,OAAc,EAAgB,SAAS,EAAE,QAAQ,EAAE,MAAM,OAAO,CAAC;AAEjE,OAAO,EAAE,eAAe,EAAE,MAAM,gCAAgC,CAAC;AAkBjE,IAAM,YAAY,GAAG,UAAC,EAcd;QAbJ,cAAc,EAAd,MAAM,mBAAG,KAAK,KAAA,EACd,eAAe,qBAAA,EACf,UAAU,gBAAA,EACV,cAAc,oBAAA,EACd,mBAAmB,yBAAA,EACnB,QAAQ,cAAA,EACR,SAAS,eAAA,EACT,iBAAiB,uBAAA,EACjB,YAAY,kBAAA,EACZ,gBAAgB,sBAAA,EAChB,qBAAqB,2BAAA,EACrB,MAAM,YAAA,EACN,YAAe,EAAf,IAAI,mBAAG,QAAQ,KAAA;IAET,IAAA,KAA0B,QAAQ,CAAC,MAAM,CAAC,EAAzC,QAAQ,QAAA,EAAE,WAAW,QAAoB,CAAC;IAEjD,SAAS,CAAC;QACN,WAAW,CAAC,MAAM,CAAC,CAAC;IACxB,CAAC,EAAE,CAAC,MAAM,CAAC,CAAC,CAAC;IAEb,OAAO,CACH,2BACI,SAAS,EAAE,oDACT,QAAQ,CAAC,CAAC,CAAC,eAAe,CAAC,CAAC,CAAC,iBAAiB,8BACrC,EACX,OAAO,EAAE;YACL,WAAW,CAAC,CAAC,QAAQ,CAAC,CAAC;YACvB,SAAS,IAAI,SAAS,CAAC,QAAQ,CAAC,CAAC;QACrC,CAAC,iBACY,MAAM,EACnB,QAAQ,EAAE,QAAQ,EAClB,IAAI,EAAE,IAAI,iBAET,QAAQ,CAAC,CAAC,CAAC,uBAAK,SAAS,EAAC,MAAM,gBAAE,UAAU,YAAO,CAAC,CAAC,CAAC,uBAAK,SAAS,EAAC,MAAM,gBAAE,YAAY,YAAO,EAChG,cAAc,IAAI,gBAAgB,IAAI,CACnC,uBACI,SAAS,EAAE,wEACD,QAAQ,CAAC,CAAC,CAAC,mBAAmB,CAAC,CAAC,CAAC,qBAAqB,8CAC7C,gBAEnB,KAAC,eAAe,IAAC,IAAI,EAAE,QAAQ,CAAC,CAAC,CAAC,cAAc,CAAC,CAAC,CAAC,gBAAgB,WAAI,YACrE,CACT,aACI,CACZ,CAAC;AACN,CAAC,CAAC;AAEF,eAAe,YAAY,CAAC",
      "sourcesContent": [
        "import React, { ReactElement, useEffect, useState } from \"react\";\r\nimport { IconProp } from \"@fortawesome/fontawesome-svg-core\";\r\nimport { FontAwesomeIcon } from \"@fortawesome/react-fontawesome\";\r\n\r\ninterface Props {\r\n    active?: boolean;\r\n    activeClassName?: string;\r\n    activeData?: string;\r\n    activeFontIcon?: IconProp;\r\n    activeIconClassName?: string;\r\n    disabled?: boolean;\r\n    fCallback?: (data: boolean) => void;\r\n    inactiveClassName?: string;\r\n    inactiveData?: string;\r\n    inactiveFontIcon?: IconProp;\r\n    inactiveIconClassName?: string;\r\n    testId?: string;\r\n    type?: \"button\" | \"submit\" | \"reset\";\r\n}\r\n\r\nconst ButtonSwitch = ({\r\n    active = false,\r\n    activeClassName,\r\n    activeData,\r\n    activeFontIcon,\r\n    activeIconClassName,\r\n    disabled,\r\n    fCallback,\r\n    inactiveClassName,\r\n    inactiveData,\r\n    inactiveFontIcon,\r\n    inactiveIconClassName,\r\n    testId,\r\n    type = \"button\",\r\n}: Props): ReactElement => {\r\n    const [isActive, setIsActive] = useState(active);\r\n\r\n    useEffect(() => {\r\n        setIsActive(active);\r\n    }, [active]);\r\n\r\n    return (\r\n        <button\r\n            className={`flex items-center justify-center\r\n            ${isActive ? activeClassName : inactiveClassName}\r\n            rounded-lg`}\r\n            onClick={() => {\r\n                setIsActive(!isActive);\r\n                fCallback && fCallback(isActive);\r\n            }}\r\n            data-testid={testId}\r\n            disabled={disabled}\r\n            type={type}\r\n        >\r\n            {isActive ? <div className=\"px-2\">{activeData}</div> : <div className=\"px-2\">{inactiveData}</div>}\r\n            {activeFontIcon && inactiveFontIcon && (\r\n                <div\r\n                    className={`flex items-center justify-center m-1\r\n                            ${isActive ? activeIconClassName : inactiveIconClassName}\r\n                            rounded-lg`}\r\n                >\r\n                    <FontAwesomeIcon icon={isActive ? activeFontIcon : inactiveFontIcon} />\r\n                </div>\r\n            )}\r\n        </button>\r\n    );\r\n};\r\n\r\nexport default ButtonSwitch;\r\n"
      ]
    },
    "_coverageSchema": "1a1c01bbd47fc00a2c39e90264f33305004495a9",
    "hash": "b361be615ec5784691337d96234c26bb3c895226"
  },
  "/home/tardigrade/PRO/Neo_Component/src/components/atoms/checkBox.tsx": {
    "path": "/home/tardigrade/PRO/Neo_Component/src/components/atoms/checkBox.tsx",
    "statementMap": {
      "0": {
        "start": {
          "line": 1,
          "column": 15
        },
        "end": {
          "line": 11,
          "column": 1
        }
      },
      "1": {
        "start": {
          "line": 2,
          "column": 4
        },
        "end": {
          "line": 9,
          "column": 6
        }
      },
      "2": {
        "start": {
          "line": 3,
          "column": 8
        },
        "end": {
          "line": 7,
          "column": 9
        }
      },
      "3": {
        "start": {
          "line": 3,
          "column": 24
        },
        "end": {
          "line": 3,
          "column": 25
        }
      },
      "4": {
        "start": {
          "line": 3,
          "column": 31
        },
        "end": {
          "line": 3,
          "column": 47
        }
      },
      "5": {
        "start": {
          "line": 4,
          "column": 12
        },
        "end": {
          "line": 4,
          "column": 29
        }
      },
      "6": {
        "start": {
          "line": 5,
          "column": 12
        },
        "end": {
          "line": 6,
          "column": 28
        }
      },
      "7": {
        "start": {
          "line": 5,
          "column": 29
        },
        "end": {
          "line": 6,
          "column": 28
        }
      },
      "8": {
        "start": {
          "line": 6,
          "column": 16
        },
        "end": {
          "line": 6,
          "column": 28
        }
      },
      "9": {
        "start": {
          "line": 8,
          "column": 8
        },
        "end": {
          "line": 8,
          "column": 17
        }
      },
      "10": {
        "start": {
          "line": 10,
          "column": 4
        },
        "end": {
          "line": 10,
          "column": 43
        }
      },
      "11": {
        "start": {
          "line": 13,
          "column": 15
        },
        "end": {
          "line": 16,
          "column": 1
        }
      },
      "12": {
        "start": {
          "line": 14,
          "column": 18
        },
        "end": {
          "line": 14,
          "column": 28
        }
      },
      "13": {
        "start": {
          "line": 14,
          "column": 37
        },
        "end": {
          "line": 14,
          "column": 44
        }
      },
      "14": {
        "start": {
          "line": 14,
          "column": 58
        },
        "end": {
          "line": 14,
          "column": 70
        }
      },
      "15": {
        "start": {
          "line": 14,
          "column": 79
        },
        "end": {
          "line": 14,
          "column": 86
        }
      },
      "16": {
        "start": {
          "line": 14,
          "column": 97
        },
        "end": {
          "line": 14,
          "column": 106
        }
      },
      "17": {
        "start": {
          "line": 14,
          "column": 125
        },
        "end": {
          "line": 14,
          "column": 142
        }
      },
      "18": {
        "start": {
          "line": 14,
          "column": 161
        },
        "end": {
          "line": 14,
          "column": 178
        }
      },
      "19": {
        "start": {
          "line": 15,
          "column": 4
        },
        "end": {
          "line": 15,
          "column": 309
        }
      }
    },
    "fnMap": {
      "0": {
        "name": "(anonymous_0)",
        "decl": {
          "start": {
            "line": 1,
            "column": 42
          },
          "end": {
            "line": 1,
            "column": 43
          }
        },
        "loc": {
          "start": {
            "line": 1,
            "column": 54
          },
          "end": {
            "line": 11,
            "column": 1
          }
        },
        "line": 1
      },
      "1": {
        "name": "(anonymous_1)",
        "decl": {
          "start": {
            "line": 2,
            "column": 32
          },
          "end": {
            "line": 2,
            "column": 33
          }
        },
        "loc": {
          "start": {
            "line": 2,
            "column": 44
          },
          "end": {
            "line": 9,
            "column": 5
          }
        },
        "line": 2
      },
      "2": {
        "name": "(anonymous_2)",
        "decl": {
          "start": {
            "line": 13,
            "column": 15
          },
          "end": {
            "line": 13,
            "column": 16
          }
        },
        "loc": {
          "start": {
            "line": 13,
            "column": 29
          },
          "end": {
            "line": 16,
            "column": 1
          }
        },
        "line": 13
      }
    },
    "branchMap": {
      "0": {
        "loc": {
          "start": {
            "line": 1,
            "column": 15
          },
          "end": {
            "line": 11,
            "column": 1
          }
        },
        "type": "binary-expr",
        "locations": [
          {
            "start": {
              "line": 1,
              "column": 16
            },
            "end": {
              "line": 1,
              "column": 20
            }
          },
          {
            "start": {
              "line": 1,
              "column": 24
            },
            "end": {
              "line": 1,
              "column": 37
            }
          },
          {
            "start": {
              "line": 1,
              "column": 42
            },
            "end": {
              "line": 11,
              "column": 1
            }
          }
        ],
        "line": 1
      },
      "1": {
        "loc": {
          "start": {
            "line": 2,
            "column": 15
          },
          "end": {
            "line": 9,
            "column": 5
          }
        },
        "type": "binary-expr",
        "locations": [
          {
            "start": {
              "line": 2,
              "column": 15
            },
            "end": {
              "line": 2,
              "column": 28
            }
          },
          {
            "start": {
              "line": 2,
              "column": 32
            },
            "end": {
              "line": 9,
              "column": 5
            }
          }
        ],
        "line": 2
      },
      "2": {
        "loc": {
          "start": {
            "line": 5,
            "column": 29
          },
          "end": {
            "line": 6,
            "column": 28
          }
        },
        "type": "if",
        "locations": [
          {
            "start": {
              "line": 5,
              "column": 29
            },
            "end": {
              "line": 6,
              "column": 28
            }
          },
          {
            "start": {},
            "end": {}
          }
        ],
        "line": 5
      }
    },
    "s": {
      "0": 97,
      "1": 2,
      "2": 0,
      "3": 0,
      "4": 0,
      "5": 0,
      "6": 0,
      "7": 0,
      "8": 0,
      "9": 0,
      "10": 2,
      "11": 97,
      "12": 2,
      "13": 2,
      "14": 2,
      "15": 2,
      "16": 2,
      "17": 2,
      "18": 2,
      "19": 2
    },
    "f": {
      "0": 2,
      "1": 0,
      "2": 2
    },
    "b": {
      "0": [
        97,
        0,
        97
      ],
      "1": [
        2,
        0
      ],
      "2": [
        0,
        0
      ]
    },
    "inputSourceMap": {
      "version": 3,
      "file": "/home/tardigrade/PRO/Neo_Component/src/components/atoms/checkBox.tsx",
      "sourceRoot": "",
      "sources": [
        "/home/tardigrade/PRO/Neo_Component/src/components/atoms/checkBox.tsx"
      ],
      "names": [],
      "mappings": ";;;;;;;;;;;;AAYA,IAAM,QAAQ,GAAG,UAAC,EAAiF;QAA/E,OAAO,aAAA,EAAE,IAAI,UAAA,EAAE,SAAS,eAAA,EAAE,IAAI,UAAA,EAAE,MAAM,YAAA,EAAE,cAAc,oBAAA,EAAE,cAAc,oBAAA;IACtF,OAAO,CACH,8BACI,gBACI,OAAO,EAAE,OAAO,EAChB,SAAS,EAAE,cAAc,iBACZ,MAAM,EACnB,EAAE,EAAE,IAAI,EACR,IAAI,EAAE,IAAI,EACV,QAAQ,EAAE,SAAS,EACnB,IAAI,EAAC,UAAU,WACjB,EACF,yBAAO,OAAO,EAAE,IAAI,EAAE,SAAS,EAAE,cAAc,gBAC1C,IAAI,YACD,YACT,CACN,CAAC;AACN,CAAC,CAAC;AAEF,eAAe,QAAQ,CAAC",
      "sourcesContent": [
        "import React, { ReactElement, ChangeEvent } from \"react\";\r\n\r\ninterface Props {\r\n    checked?: boolean;\r\n    data?: string;\r\n    fCallBack?: (e: ChangeEvent<HTMLInputElement>) => void;\r\n    name?: string;\r\n    testId?: string;\r\n    classNameInput?: string;\r\n    classNameLabel?: string;\r\n}\r\n\r\nconst Checkbox = ({ checked, data, fCallBack, name, testId, classNameInput, classNameLabel }: Props): ReactElement => {\r\n    return (\r\n        <>\r\n            <input\r\n                checked={checked}\r\n                className={classNameInput}\r\n                data-testid={testId}\r\n                id={name}\r\n                name={name}\r\n                onChange={fCallBack}\r\n                type=\"checkbox\"\r\n            />\r\n            <label htmlFor={name} className={classNameLabel}>\r\n                {data}\r\n            </label>\r\n        </>\r\n    );\r\n};\r\n\r\nexport default Checkbox;\r\n"
      ]
    },
    "_coverageSchema": "1a1c01bbd47fc00a2c39e90264f33305004495a9",
    "hash": "86d579794a7a5ce4923862d357e1d0be9bf86b70"
  },
  "/home/tardigrade/PRO/Neo_Component/src/components/atoms/icon.tsx": {
    "path": "/home/tardigrade/PRO/Neo_Component/src/components/atoms/icon.tsx",
    "statementMap": {
      "0": {
        "start": {
          "line": 1,
          "column": 15
        },
        "end": {
          "line": 11,
          "column": 1
        }
      },
      "1": {
        "start": {
          "line": 2,
          "column": 4
        },
        "end": {
          "line": 9,
          "column": 6
        }
      },
      "2": {
        "start": {
          "line": 3,
          "column": 8
        },
        "end": {
          "line": 7,
          "column": 9
        }
      },
      "3": {
        "start": {
          "line": 3,
          "column": 24
        },
        "end": {
          "line": 3,
          "column": 25
        }
      },
      "4": {
        "start": {
          "line": 3,
          "column": 31
        },
        "end": {
          "line": 3,
          "column": 47
        }
      },
      "5": {
        "start": {
          "line": 4,
          "column": 12
        },
        "end": {
          "line": 4,
          "column": 29
        }
      },
      "6": {
        "start": {
          "line": 5,
          "column": 12
        },
        "end": {
          "line": 6,
          "column": 28
        }
      },
      "7": {
        "start": {
          "line": 5,
          "column": 29
        },
        "end": {
          "line": 6,
          "column": 28
        }
      },
      "8": {
        "start": {
          "line": 6,
          "column": 16
        },
        "end": {
          "line": 6,
          "column": 28
        }
      },
      "9": {
        "start": {
          "line": 8,
          "column": 8
        },
        "end": {
          "line": 8,
          "column": 17
        }
      },
      "10": {
        "start": {
          "line": 10,
          "column": 4
        },
        "end": {
          "line": 10,
          "column": 43
        }
      },
      "11": {
        "start": {
          "line": 15,
          "column": 11
        },
        "end": {
          "line": 27,
          "column": 1
        }
      },
      "12": {
        "start": {
          "line": 16,
          "column": 20
        },
        "end": {
          "line": 16,
          "column": 32
        }
      },
      "13": {
        "start": {
          "line": 16,
          "column": 46
        },
        "end": {
          "line": 16,
          "column": 58
        }
      },
      "14": {
        "start": {
          "line": 16,
          "column": 71
        },
        "end": {
          "line": 16,
          "column": 82
        }
      },
      "15": {
        "start": {
          "line": 16,
          "column": 93
        },
        "end": {
          "line": 16,
          "column": 102
        }
      },
      "16": {
        "start": {
          "line": 16,
          "column": 111
        },
        "end": {
          "line": 16,
          "column": 118
        }
      },
      "17": {
        "start": {
          "line": 17,
          "column": 4
        },
        "end": {
          "line": 26,
          "column": 5
        }
      },
      "18": {
        "start": {
          "line": 19,
          "column": 12
        },
        "end": {
          "line": 19,
          "column": 262
        }
      },
      "19": {
        "start": {
          "line": 21,
          "column": 12
        },
        "end": {
          "line": 21,
          "column": 293
        }
      },
      "20": {
        "start": {
          "line": 23,
          "column": 12
        },
        "end": {
          "line": 23,
          "column": 348
        }
      },
      "21": {
        "start": {
          "line": 25,
          "column": 12
        },
        "end": {
          "line": 25,
          "column": 236
        }
      }
    },
    "fnMap": {
      "0": {
        "name": "(anonymous_0)",
        "decl": {
          "start": {
            "line": 1,
            "column": 42
          },
          "end": {
            "line": 1,
            "column": 43
          }
        },
        "loc": {
          "start": {
            "line": 1,
            "column": 54
          },
          "end": {
            "line": 11,
            "column": 1
          }
        },
        "line": 1
      },
      "1": {
        "name": "(anonymous_1)",
        "decl": {
          "start": {
            "line": 2,
            "column": 32
          },
          "end": {
            "line": 2,
            "column": 33
          }
        },
        "loc": {
          "start": {
            "line": 2,
            "column": 44
          },
          "end": {
            "line": 9,
            "column": 5
          }
        },
        "line": 2
      },
      "2": {
        "name": "(anonymous_2)",
        "decl": {
          "start": {
            "line": 15,
            "column": 11
          },
          "end": {
            "line": 15,
            "column": 12
          }
        },
        "loc": {
          "start": {
            "line": 15,
            "column": 25
          },
          "end": {
            "line": 27,
            "column": 1
          }
        },
        "line": 15
      }
    },
    "branchMap": {
      "0": {
        "loc": {
          "start": {
            "line": 1,
            "column": 15
          },
          "end": {
            "line": 11,
            "column": 1
          }
        },
        "type": "binary-expr",
        "locations": [
          {
            "start": {
              "line": 1,
              "column": 16
            },
            "end": {
              "line": 1,
              "column": 20
            }
          },
          {
            "start": {
              "line": 1,
              "column": 24
            },
            "end": {
              "line": 1,
              "column": 37
            }
          },
          {
            "start": {
              "line": 1,
              "column": 42
            },
            "end": {
              "line": 11,
              "column": 1
            }
          }
        ],
        "line": 1
      },
      "1": {
        "loc": {
          "start": {
            "line": 2,
            "column": 15
          },
          "end": {
            "line": 9,
            "column": 5
          }
        },
        "type": "binary-expr",
        "locations": [
          {
            "start": {
              "line": 2,
              "column": 15
            },
            "end": {
              "line": 2,
              "column": 28
            }
          },
          {
            "start": {
              "line": 2,
              "column": 32
            },
            "end": {
              "line": 9,
              "column": 5
            }
          }
        ],
        "line": 2
      },
      "2": {
        "loc": {
          "start": {
            "line": 5,
            "column": 29
          },
          "end": {
            "line": 6,
            "column": 28
          }
        },
        "type": "if",
        "locations": [
          {
            "start": {
              "line": 5,
              "column": 29
            },
            "end": {
              "line": 6,
              "column": 28
            }
          },
          {
            "start": {},
            "end": {}
          }
        ],
        "line": 5
      },
      "3": {
        "loc": {
          "start": {
            "line": 17,
            "column": 4
          },
          "end": {
            "line": 26,
            "column": 5
          }
        },
        "type": "switch",
        "locations": [
          {
            "start": {
              "line": 18,
              "column": 8
            },
            "end": {
              "line": 19,
              "column": 262
            }
          },
          {
            "start": {
              "line": 20,
              "column": 8
            },
            "end": {
              "line": 21,
              "column": 293
            }
          },
          {
            "start": {
              "line": 22,
              "column": 8
            },
            "end": {
              "line": 23,
              "column": 348
            }
          },
          {
            "start": {
              "line": 24,
              "column": 8
            },
            "end": {
              "line": 25,
              "column": 236
            }
          }
        ],
        "line": 17
      },
      "4": {
        "loc": {
          "start": {
            "line": 23,
            "column": 213
          },
          "end": {
            "line": 23,
            "column": 333
          }
        },
        "type": "binary-expr",
        "locations": [
          {
            "start": {
              "line": 23,
              "column": 213
            },
            "end": {
              "line": 23,
              "column": 219
            }
          },
          {
            "start": {
              "line": 23,
              "column": 224
            },
            "end": {
              "line": 23,
              "column": 332
            }
          }
        ],
        "line": 23
      }
    },
    "s": {
      "0": 97,
      "1": 12,
      "2": 0,
      "3": 0,
      "4": 0,
      "5": 0,
      "6": 0,
      "7": 0,
      "8": 0,
      "9": 0,
      "10": 12,
      "11": 97,
      "12": 27,
      "13": 27,
      "14": 27,
      "15": 27,
      "16": 27,
      "17": 27,
      "18": 5,
      "19": 4,
      "20": 3,
      "21": 15
    },
    "f": {
      "0": 12,
      "1": 0,
      "2": 27
    },
    "b": {
      "0": [
        97,
        0,
        97
      ],
      "1": [
        12,
        0
      ],
      "2": [
        0,
        0
      ],
      "3": [
        5,
        4,
        3,
        15
      ],
      "4": [
        3,
        0
      ]
    },
    "inputSourceMap": {
      "version": 3,
      "file": "/home/tardigrade/PRO/Neo_Component/src/components/atoms/icon.tsx",
      "sourceRoot": "",
      "sources": [
        "/home/tardigrade/PRO/Neo_Component/src/components/atoms/icon.tsx"
      ],
      "names": [],
      "mappings": ";;;;;;;;;;;;AACA,OAAO,EAAE,eAAe,EAAE,MAAM,gCAAgC,CAAC;AAEjE,OAAO,EAAE,QAAQ,EAAE,MAAM,mCAAmC,CAAC;AAU7D,IAAM,IAAI,GAAG,UAAC,EAAuD;QAArD,SAAS,eAAA,EAAE,SAAS,eAAA,EAAE,QAAQ,cAAA,EAAE,MAAM,YAAA,EAAE,IAAI,UAAA;IACxD,QAAQ,IAAI,EAAE;QACV,KAAK,UAAU;YACX,OAAO,CACH,uBACI,SAAS,EAAK,SAAS,mEAAgE,EACvF,OAAO,EAAE,SAAS,iBACN,gBAAgB,gBAE5B,KAAC,eAAe,IAAC,IAAI,EAAE,QAAQ,WAAI,YACjC,CACT,CAAC;QACN,KAAK,kBAAkB;YACnB,OAAO,CACH,uBAAK,SAAS,EAAC,4BAA4B,iBAAa,uBAAuB,gBAC3E,KAAC,eAAe,IACZ,IAAI,EAAE,QAAQ,EACd,SAAS,EAAC,+EAA+E,WAC3F,YACA,CACT,CAAC;QACN,KAAK,gBAAgB;YACjB,OAAO,CACH,wBAAK,SAAS,EAAK,SAAS,8CAA2C,iBAAc,kBAAkB,iBACnG,KAAC,eAAe,IAAC,IAAI,EAAE,QAAQ,WAAI,EAClC,MAAM,IAAI,CACP,KAAC,eAAe,IAAC,IAAI,EAAE,QAAQ,EAAE,SAAS,EAAC,8CAA8C,WAAG,CAC/F,aACC,CACT,CAAC;QACN;YACI,OAAO,CACH,uBACI,SAAS,EAAK,SAAS,sCAAmC,EAC1D,OAAO,EAAE,SAAS,iBACN,mBAAmB,gBAE/B,KAAC,eAAe,IAAC,IAAI,EAAE,QAAQ,WAAI,YACjC,CACT,CAAC;KACT;AACL,CAAC,CAAC;AAEF,eAAe,IAAI,CAAC",
      "sourcesContent": [
        "import React, { ReactElement } from \"react\";\r\nimport { FontAwesomeIcon } from \"@fortawesome/react-fontawesome\";\r\nimport { IconProp } from \"@fortawesome/fontawesome-svg-core\";\r\nimport { faCircle } from \"@fortawesome/free-solid-svg-icons\";\r\n\r\ninterface Props {\r\n    className?: string;\r\n    fCallBack?: () => void;\r\n    fontIcon: IconProp;\r\n    redDot?: boolean;\r\n    type?: string;\r\n}\r\n\r\nconst Icon = ({ className, fCallBack, fontIcon, redDot, type }: Props): ReactElement => {\r\n    switch (type) {\r\n        case \"iconLink\":\r\n            return (\r\n                <div\r\n                    className={`${className} p-4 text-neo-bg-B hover:text-neo-blue cursor-pointer text-4xl`}\r\n                    onClick={fCallBack}\r\n                    data-testid=\"icon-link-body\"\r\n                >\r\n                    <FontAwesomeIcon icon={fontIcon} />\r\n                </div>\r\n            );\r\n        case \"placeholderInput\":\r\n            return (\r\n                <div className=\"p-4 text-neo-bg-B text-4xl\" data-testid=\"icon-placeholder-body\">\r\n                    <FontAwesomeIcon\r\n                        icon={fontIcon}\r\n                        className=\"pointer-events-none w-6 h-6 absolute top-12 transform -translate-y-1/2 left-3\"\r\n                    />\r\n                </div>\r\n            );\r\n        case \"iconWithRedDot\":\r\n            return (\r\n                <div className={`${className} p-1 text-neo-bg-B text-4xl relative w-10`} data-testid=\"icon-reddot-body\">\r\n                    <FontAwesomeIcon icon={fontIcon} />\r\n                    {redDot && (\r\n                        <FontAwesomeIcon icon={faCircle} className=\"text-neo-red absolute top-0 right-0 text-xxs\" />\r\n                    )}\r\n                </div>\r\n            );\r\n        default:\r\n            return (\r\n                <div\r\n                    className={`${className} flex items-center justify-center`}\r\n                    onClick={fCallBack}\r\n                    data-testid=\"icon-default-body\"\r\n                >\r\n                    <FontAwesomeIcon icon={fontIcon} />\r\n                </div>\r\n            );\r\n    }\r\n};\r\n\r\nexport default Icon;\r\n"
      ]
    },
    "_coverageSchema": "1a1c01bbd47fc00a2c39e90264f33305004495a9",
    "hash": "f1d059c236c53b3614b7aecc9426c48807800908"
  },
  "/home/tardigrade/PRO/Neo_Component/src/components/atoms/tooltip.tsx": {
    "path": "/home/tardigrade/PRO/Neo_Component/src/components/atoms/tooltip.tsx",
    "statementMap": {
      "0": {
        "start": {
          "line": 1,
          "column": 15
        },
        "end": {
          "line": 11,
          "column": 1
        }
      },
      "1": {
        "start": {
          "line": 2,
          "column": 4
        },
        "end": {
          "line": 9,
          "column": 6
        }
      },
      "2": {
        "start": {
          "line": 3,
          "column": 8
        },
        "end": {
          "line": 7,
          "column": 9
        }
      },
      "3": {
        "start": {
          "line": 3,
          "column": 24
        },
        "end": {
          "line": 3,
          "column": 25
        }
      },
      "4": {
        "start": {
          "line": 3,
          "column": 31
        },
        "end": {
          "line": 3,
          "column": 47
        }
      },
      "5": {
        "start": {
          "line": 4,
          "column": 12
        },
        "end": {
          "line": 4,
          "column": 29
        }
      },
      "6": {
        "start": {
          "line": 5,
          "column": 12
        },
        "end": {
          "line": 6,
          "column": 28
        }
      },
      "7": {
        "start": {
          "line": 5,
          "column": 29
        },
        "end": {
          "line": 6,
          "column": 28
        }
      },
      "8": {
        "start": {
          "line": 6,
          "column": 16
        },
        "end": {
          "line": 6,
          "column": 28
        }
      },
      "9": {
        "start": {
          "line": 8,
          "column": 8
        },
        "end": {
          "line": 8,
          "column": 17
        }
      },
      "10": {
        "start": {
          "line": 10,
          "column": 4
        },
        "end": {
          "line": 10,
          "column": 43
        }
      },
      "11": {
        "start": {
          "line": 15,
          "column": 14
        },
        "end": {
          "line": 30,
          "column": 1
        }
      },
      "12": {
        "start": {
          "line": 16,
          "column": 20
        },
        "end": {
          "line": 16,
          "column": 32
        }
      },
      "13": {
        "start": {
          "line": 16,
          "column": 46
        },
        "end": {
          "line": 16,
          "column": 58
        }
      },
      "14": {
        "start": {
          "line": 16,
          "column": 67
        },
        "end": {
          "line": 16,
          "column": 74
        }
      },
      "15": {
        "start": {
          "line": 16,
          "column": 88
        },
        "end": {
          "line": 16,
          "column": 100
        }
      },
      "16": {
        "start": {
          "line": 16,
          "column": 113
        },
        "end": {
          "line": 16,
          "column": 124
        }
      },
      "17": {
        "start": {
          "line": 16,
          "column": 146
        },
        "end": {
          "line": 16,
          "column": 166
        }
      },
      "18": {
        "start": {
          "line": 16,
          "column": 179
        },
        "end": {
          "line": 16,
          "column": 190
        }
      },
      "19": {
        "start": {
          "line": 17,
          "column": 13
        },
        "end": {
          "line": 17,
          "column": 28
        }
      },
      "20": {
        "start": {
          "line": 17,
          "column": 44
        },
        "end": {
          "line": 17,
          "column": 49
        }
      },
      "21": {
        "start": {
          "line": 17,
          "column": 68
        },
        "end": {
          "line": 17,
          "column": 73
        }
      },
      "22": {
        "start": {
          "line": 18,
          "column": 4
        },
        "end": {
          "line": 28,
          "column": 5
        }
      },
      "23": {
        "start": {
          "line": 20,
          "column": 12
        },
        "end": {
          "line": 20,
          "column": 70
        }
      },
      "24": {
        "start": {
          "line": 21,
          "column": 12
        },
        "end": {
          "line": 21,
          "column": 18
        }
      },
      "25": {
        "start": {
          "line": 23,
          "column": 12
        },
        "end": {
          "line": 23,
          "column": 67
        }
      },
      "26": {
        "start": {
          "line": 24,
          "column": 12
        },
        "end": {
          "line": 24,
          "column": 18
        }
      },
      "27": {
        "start": {
          "line": 26,
          "column": 12
        },
        "end": {
          "line": 26,
          "column": 67
        }
      },
      "28": {
        "start": {
          "line": 27,
          "column": 12
        },
        "end": {
          "line": 27,
          "column": 18
        }
      },
      "29": {
        "start": {
          "line": 29,
          "column": 4
        },
        "end": {
          "line": 29,
          "column": 836
        }
      },
      "30": {
        "start": {
          "line": 29,
          "column": 116
        },
        "end": {
          "line": 29,
          "column": 144
        }
      },
      "31": {
        "start": {
          "line": 29,
          "column": 176
        },
        "end": {
          "line": 29,
          "column": 205
        }
      },
      "32": {
        "start": {
          "line": 29,
          "column": 339
        },
        "end": {
          "line": 29,
          "column": 372
        }
      }
    },
    "fnMap": {
      "0": {
        "name": "(anonymous_0)",
        "decl": {
          "start": {
            "line": 1,
            "column": 42
          },
          "end": {
            "line": 1,
            "column": 43
          }
        },
        "loc": {
          "start": {
            "line": 1,
            "column": 54
          },
          "end": {
            "line": 11,
            "column": 1
          }
        },
        "line": 1
      },
      "1": {
        "name": "(anonymous_1)",
        "decl": {
          "start": {
            "line": 2,
            "column": 32
          },
          "end": {
            "line": 2,
            "column": 33
          }
        },
        "loc": {
          "start": {
            "line": 2,
            "column": 44
          },
          "end": {
            "line": 9,
            "column": 5
          }
        },
        "line": 2
      },
      "2": {
        "name": "(anonymous_2)",
        "decl": {
          "start": {
            "line": 15,
            "column": 14
          },
          "end": {
            "line": 15,
            "column": 15
          }
        },
        "loc": {
          "start": {
            "line": 15,
            "column": 28
          },
          "end": {
            "line": 30,
            "column": 1
          }
        },
        "line": 15
      },
      "3": {
        "name": "(anonymous_3)",
        "decl": {
          "start": {
            "line": 29,
            "column": 102
          },
          "end": {
            "line": 29,
            "column": 103
          }
        },
        "loc": {
          "start": {
            "line": 29,
            "column": 114
          },
          "end": {
            "line": 29,
            "column": 146
          }
        },
        "line": 29
      },
      "4": {
        "name": "(anonymous_4)",
        "decl": {
          "start": {
            "line": 29,
            "column": 162
          },
          "end": {
            "line": 29,
            "column": 163
          }
        },
        "loc": {
          "start": {
            "line": 29,
            "column": 174
          },
          "end": {
            "line": 29,
            "column": 207
          }
        },
        "line": 29
      },
      "5": {
        "name": "(anonymous_5)",
        "decl": {
          "start": {
            "line": 29,
            "column": 324
          },
          "end": {
            "line": 29,
            "column": 325
          }
        },
        "loc": {
          "start": {
            "line": 29,
            "column": 337
          },
          "end": {
            "line": 29,
            "column": 374
          }
        },
        "line": 29
      }
    },
    "branchMap": {
      "0": {
        "loc": {
          "start": {
            "line": 1,
            "column": 15
          },
          "end": {
            "line": 11,
            "column": 1
          }
        },
        "type": "binary-expr",
        "locations": [
          {
            "start": {
              "line": 1,
              "column": 16
            },
            "end": {
              "line": 1,
              "column": 20
            }
          },
          {
            "start": {
              "line": 1,
              "column": 24
            },
            "end": {
              "line": 1,
              "column": 37
            }
          },
          {
            "start": {
              "line": 1,
              "column": 42
            },
            "end": {
              "line": 11,
              "column": 1
            }
          }
        ],
        "line": 1
      },
      "1": {
        "loc": {
          "start": {
            "line": 2,
            "column": 15
          },
          "end": {
            "line": 9,
            "column": 5
          }
        },
        "type": "binary-expr",
        "locations": [
          {
            "start": {
              "line": 2,
              "column": 15
            },
            "end": {
              "line": 2,
              "column": 28
            }
          },
          {
            "start": {
              "line": 2,
              "column": 32
            },
            "end": {
              "line": 9,
              "column": 5
            }
          }
        ],
        "line": 2
      },
      "2": {
        "loc": {
          "start": {
            "line": 5,
            "column": 29
          },
          "end": {
            "line": 6,
            "column": 28
          }
        },
        "type": "if",
        "locations": [
          {
            "start": {
              "line": 5,
              "column": 29
            },
            "end": {
              "line": 6,
              "column": 28
            }
          },
          {
            "start": {},
            "end": {}
          }
        ],
        "line": 5
      },
      "3": {
        "loc": {
          "start": {
            "line": 18,
            "column": 4
          },
          "end": {
            "line": 28,
            "column": 5
          }
        },
        "type": "switch",
        "locations": [
          {
            "start": {
              "line": 19,
              "column": 8
            },
            "end": {
              "line": 21,
              "column": 18
            }
          },
          {
            "start": {
              "line": 22,
              "column": 8
            },
            "end": {
              "line": 24,
              "column": 18
            }
          },
          {
            "start": {
              "line": 25,
              "column": 8
            },
            "end": {
              "line": 27,
              "column": 18
            }
          }
        ],
        "line": 18
      },
      "4": {
        "loc": {
          "start": {
            "line": 29,
            "column": 255
          },
          "end": {
            "line": 29,
            "column": 277
          }
        },
        "type": "binary-expr",
        "locations": [
          {
            "start": {
              "line": 29,
              "column": 255
            },
            "end": {
              "line": 29,
              "column": 264
            }
          },
          {
            "start": {
              "line": 29,
              "column": 268
            },
            "end": {
              "line": 29,
              "column": 277
            }
          }
        ],
        "line": 29
      },
      "5": {
        "loc": {
          "start": {
            "line": 29,
            "column": 279
          },
          "end": {
            "line": 29,
            "column": 511
          }
        },
        "type": "binary-expr",
        "locations": [
          {
            "start": {
              "line": 29,
              "column": 279
            },
            "end": {
              "line": 29,
              "column": 287
            }
          },
          {
            "start": {
              "line": 29,
              "column": 292
            },
            "end": {
              "line": 29,
              "column": 510
            }
          }
        ],
        "line": 29
      },
      "6": {
        "loc": {
          "start": {
[...]
        "locations": [
          {
            "start": {
              "line": 16,
              "column": 117
            },
            "end": {
              "line": 16,
              "column": 138
            }
          },
          {
            "start": {
              "line": 16,
              "column": 142
            },
            "end": {
              "line": 16,
              "column": 160
            }
          }
        ],
        "line": 16
      },
      "4": {
        "loc": {
          "start": {
            "line": 16,
            "column": 196
          },
          "end": {
            "line": 16,
            "column": 287
          }
        },
        "type": "cond-expr",
        "locations": [
          {
            "start": {
              "line": 16,
              "column": 220
            },
            "end": {
              "line": 16,
              "column": 251
            }
          },
          {
            "start": {
              "line": 16,
              "column": 254
            },
            "end": {
              "line": 16,
              "column": 287
            }
          }
        ],
        "line": 16
      }
    },
    "s": {
      "0": 97,
      "1": 7,
      "2": 0,
      "3": 0,
      "4": 0,
      "5": 0,
      "6": 0,
      "7": 0,
      "8": 0,
      "9": 0,
      "10": 7,
      "11": 97,
      "12": 22,
      "13": 22,
      "14": 22,
      "15": 22,
      "16": 22,
      "17": 4
    },
    "f": {
      "0": 7,
      "1": 0,
      "2": 22,
      "3": 4
    },
    "b": {
      "0": [
        97,
        0,
        97
      ],
      "1": [
        7,
        0
      ],
      "2": [
        0,
        0
      ],
      "3": [
        22,
        14
      ],
      "4": [
        8,
        14
      ]
    },
    "inputSourceMap": {
      "version": 3,
      "file": "/home/tardigrade/PRO/Neo_Component/src/components/atoms/tabs/tabTitle.tsx",
      "sourceRoot": "",
      "sources": [
        "/home/tardigrade/PRO/Neo_Component/src/components/atoms/tabs/tabTitle.tsx"
      ],
      "names": [],
      "mappings": ";;;;;;;;;;;;AAEA,OAAO,MAAM,MAAM,WAAW,CAAC;AAS/B,IAAM,QAAQ,GAAG,UAAC,EAAuD;QAArD,KAAK,WAAA,EAAE,iBAAiB,uBAAA,EAAE,WAAW,iBAAA,EAAE,KAAK,WAAA;IAC5D,OAAO,CACH,sBACI,SAAS,EAAE,wEACG,WAAW,KAAK,KAAK,IAAI,kBAAkB,oCAEzC,WAAW,KAAK,KAAK,CAAC,CAAC,CAAC,+BAA+B,CAAC,CAAC,CAAC,iCAAiC,OAC5F,iBACH,eAAe,gBAE3B,KAAC,MAAM,IAAC,IAAI,EAAE,KAAK,EAAE,SAAS,EAAE,cAAM,OAAA,iBAAiB,CAAC,KAAK,CAAC,EAAxB,CAAwB,EAAE,MAAM,EAAC,iBAAiB,WAAG,YAC1F,CACR,CAAC;AACN,CAAC,CAAC;AAEF,eAAe,QAAQ,CAAC",
      "sourcesContent": [
        "import React, { ReactElement } from \"react\";\r\n\r\nimport Button from \"../button\";\r\n\r\ntype Props = {\r\n    index: number;\r\n    handleSelectedTab: (index: number) => void;\r\n    selectedTab: number;\r\n    title: string;\r\n};\r\n\r\nconst TabTitle = ({ index, handleSelectedTab, selectedTab, title }: Props): ReactElement => {\r\n    return (\r\n        <li\r\n            className={`mr-4 cursor-pointer border-b-2 font-bold\r\n                        ${selectedTab !== index && \"hover:text-white\"}\r\n                        ${\r\n                            selectedTab === index ? \"text-neo-blue border-neo-blue\" : \" border-opacity-0 text-neo-link\"\r\n                        } `}\r\n            data-testid=\"tabTitle-body\"\r\n        >\r\n            <Button data={title} fCallback={() => handleSelectedTab(index)} testId=\"tabTitle-button\" />\r\n        </li>\r\n    );\r\n};\r\n\r\nexport default TabTitle;\r\n"
      ]
    },
    "_coverageSchema": "1a1c01bbd47fc00a2c39e90264f33305004495a9",
    "hash": "4ee11b2dcaf28f30b60355fab021254f59ab65ae"
  },
  "/home/tardigrade/PRO/Neo_Component/src/components/atoms/tabs/tabs.tsx": {
    "path": "/home/tardigrade/PRO/Neo_Component/src/components/atoms/tabs/tabs.tsx",
    "statementMap": {
      "0": {
        "start": {
          "line": 1,
          "column": 15
        },
        "end": {
          "line": 11,
          "column": 1
        }
      },
      "1": {
        "start": {
          "line": 2,
          "column": 4
        },
        "end": {
          "line": 9,
          "column": 6
        }
      },
      "2": {
        "start": {
          "line": 3,
          "column": 8
        },
        "end": {
          "line": 7,
          "column": 9
        }
      },
      "3": {
        "start": {
          "line": 3,
          "column": 24
        },
        "end": {
          "line": 3,
          "column": 25
        }
      },
      "4": {
        "start": {
          "line": 3,
          "column": 31
        },
        "end": {
          "line": 3,
          "column": 47
        }
      },
      "5": {
        "start": {
          "line": 4,
          "column": 12
        },
        "end": {
          "line": 4,
          "column": 29
        }
      },
      "6": {
        "start": {
          "line": 5,
          "column": 12
        },
        "end": {
          "line": 6,
          "column": 28
        }
      },
      "7": {
        "start": {
          "line": 5,
          "column": 29
        },
        "end": {
          "line": 6,
          "column": 28
        }
      },
      "8": {
        "start": {
          "line": 6,
          "column": 16
        },
        "end": {
          "line": 6,
          "column": 28
        }
      },
      "9": {
        "start": {
          "line": 8,
          "column": 8
        },
        "end": {
          "line": 8,
          "column": 17
        }
      },
      "10": {
        "start": {
          "line": 10,
          "column": 4
        },
        "end": {
          "line": 10,
          "column": 43
        }
      },
      "11": {
        "start": {
          "line": 15,
          "column": 11
        },
        "end": {
          "line": 22,
          "column": 1
        }
      },
      "12": {
        "start": {
          "line": 16,
          "column": 19
        },
        "end": {
          "line": 16,
          "column": 30
        }
      },
      "13": {
        "start": {
          "line": 17,
          "column": 13
        },
        "end": {
          "line": 17,
          "column": 24
        }
      },
      "14": {
        "start": {
          "line": 17,
          "column": 40
        },
        "end": {
          "line": 17,
          "column": 45
        }
      },
      "15": {
        "start": {
          "line": 17,
          "column": 64
        },
        "end": {
          "line": 17,
          "column": 69
        }
      },
      "16": {
        "start": {
          "line": 19,
          "column": 8
        },
        "end": {
          "line": 19,
          "column": 30
        }
      },
      "17": {
        "start": {
          "line": 21,
          "column": 4
        },
        "end": {
          "line": 21,
          "column": 519
        }
      },
      "18": {
        "start": {
          "line": 21,
          "column": 187
        },
        "end": {
          "line": 21,
          "column": 325
        }
      },
      "19": {
        "start": {
          "line": 21,
          "column": 381
        },
        "end": {
          "line": 21,
          "column": 501
        }
      }
    },
    "fnMap": {
      "0": {
        "name": "(anonymous_0)",
        "decl": {
          "start": {
            "line": 1,
            "column": 42
          },
          "end": {
            "line": 1,
            "column": 43
          }
        },
        "loc": {
          "start": {
            "line": 1,
            "column": 54
          },
          "end": {
            "line": 11,
            "column": 1
          }
        },
        "line": 1
      },
      "1": {
        "name": "(anonymous_1)",
        "decl": {
          "start": {
            "line": 2,
            "column": 32
          },
          "end": {
            "line": 2,
            "column": 33
          }
        },
        "loc": {
          "start": {
            "line": 2,
            "column": 44
          },
          "end": {
            "line": 9,
            "column": 5
          }
        },
        "line": 2
      },
      "2": {
        "name": "(anonymous_2)",
        "decl": {
          "start": {
            "line": 15,
            "column": 11
          },
          "end": {
            "line": 15,
            "column": 12
          }
        },
        "loc": {
          "start": {
            "line": 15,
            "column": 25
          },
          "end": {
            "line": 22,
            "column": 1
          }
        },
        "line": 15
      },
      "3": {
        "name": "handleSelectedTab",
        "decl": {
          "start": {
            "line": 18,
            "column": 13
          },
          "end": {
            "line": 18,
            "column": 30
          }
        },
        "loc": {
          "start": {
            "line": 18,
            "column": 38
          },
          "end": {
            "line": 20,
            "column": 5
          }
        },
        "line": 18
      },
      "4": {
        "name": "(anonymous_4)",
        "decl": {
          "start": {
            "line": 21,
            "column": 162
          },
          "end": {
            "line": 21,
            "column": 163
          }
        },
        "loc": {
          "start": {
            "line": 21,
            "column": 185
          },
          "end": {
            "line": 21,
            "column": 327
          }
        },
        "line": 21
      },
      "5": {
        "name": "(anonymous_5)",
        "decl": {
          "start": {
            "line": 21,
            "column": 355
          },
          "end": {
            "line": 21,
            "column": 356
          }
        },
        "loc": {
          "start": {
            "line": 21,
            "column": 379
          },
          "end": {
            "line": 21,
            "column": 503
          }
        },
        "line": 21
      }
    },
    "branchMap": {
      "0": {
        "loc": {
          "start": {
            "line": 1,
            "column": 15
          },
          "end": {
            "line": 11,
            "column": 1
          }
        },
        "type": "binary-expr",
        "locations": [
          {
            "start": {
              "line": 1,
              "column": 16
            },
            "end": {
              "line": 1,
              "column": 20
            }
          },
          {
            "start": {
              "line": 1,
              "column": 24
            },
            "end": {
              "line": 1,
              "column": 37
            }
          },
          {
            "start": {
              "line": 1,
              "column": 42
            },
            "end": {
              "line": 11,
              "column": 1
            }
          }
        ],
        "line": 1
      },
      "1": {
        "loc": {
          "start": {
            "line": 2,
            "column": 15
          },
          "end": {
            "line": 9,
            "column": 5
          }
        },
        "type": "binary-expr",
        "locations": [
          {
            "start": {
              "line": 2,
              "column": 15
            },
            "end": {
              "line": 2,
              "column": 28
            }
          },
          {
            "start": {
              "line": 2,
              "column": 32
            },
            "end": {
              "line": 9,
              "column": 5
            }
          }
        ],
        "line": 2
      },
      "2": {
        "loc": {
          "start": {
            "line": 5,
            "column": 29
          },
          "end": {
            "line": 6,
            "column": 28
          }
        },
        "type": "if",
        "locations": [
          {
            "start": {
              "line": 5,
              "column": 29
            },
            "end": {
              "line": 6,
              "column": 28
            }
          },
          {
            "start": {},
            "end": {}
          }
        ],
        "line": 5
      },
      "3": {
        "loc": {
          "start": {
            "line": 21,
            "column": 429
          },
          "end": {
            "line": 21,
            "column": 466
          }
        },
        "type": "cond-expr",
        "locations": [
          {
            "start": {
              "line": 21,
              "column": 453
            },
            "end": {
              "line": 21,
              "column": 455
            }
          },
          {
            "start": {
              "line": 21,
              "column": 458
            },
            "end": {
              "line": 21,
              "column": 466
            }
          }
        ],
        "line": 21
      }
    },
    "s": {
      "0": 97,
      "1": 4,
      "2": 0,
      "3": 0,
      "4": 0,
      "5": 0,
      "6": 0,
      "7": 0,
      "8": 0,
      "9": 0,
      "10": 4,
      "11": 97,
      "12": 2,
      "13": 2,
      "14": 2,
      "15": 2,
      "16": 0,
      "17": 2,
      "18": 4,
      "19": 4
    },
    "f": {
      "0": 4,
      "1": 0,
      "2": 2,
      "3": 0,
      "4": 4,
      "5": 4
    },
    "b": {
      "0": [
        97,
        0,
        97
      ],
      "1": [
        4,
        0
      ],
      "2": [
        0,
        0
      ],
      "3": [
        2,
        2
      ]
    },
    "inputSourceMap": {
      "version": 3,
      "file": "/home/tardigrade/PRO/Neo_Component/src/components/atoms/tabs/tabs.tsx",
      "sourceRoot": "",
      "sources": [
        "/home/tardigrade/PRO/Neo_Component/src/components/atoms/tabs/tabs.tsx"
      ],
      "names": [],
      "mappings": ";;;;;;;;;;;;AAAA,OAAc,EAAgB,QAAQ,EAAE,MAAM,OAAO,CAAC;AAEtD,OAAO,QAAQ,MAAM,YAAY,CAAC;AAMlC,IAAM,IAAI,GAAG,UAAC,EAAmB;QAAjB,QAAQ,cAAA;IACd,IAAA,KAAgC,QAAQ,CAAC,CAAC,CAAC,EAA1C,WAAW,QAAA,EAAE,cAAc,QAAe,CAAC;IAElD,SAAS,iBAAiB,CAAC,KAAa;QACpC,cAAc,CAAC,KAAK,CAAC,CAAC;IAC1B,CAAC;IAED,OAAO,CACH,uCAAiB,WAAW,iBACxB,sBAAI,SAAS,EAAC,qBAAqB,gBAC9B,QAAQ,CAAC,GAAG,CAAC,UAAC,IAAI,EAAE,KAAK,IAAK,OAAA,CAC3B,KAAC,QAAQ,IACL,iBAAiB,EAAE,iBAAiB,EACpC,KAAK,EAAE,KAAK,EAEZ,WAAW,EAAE,WAAW,EACxB,KAAK,EAAE,IAAI,CAAC,KAAK,CAAC,KAAK,IAFlB,KAAK,CAGZ,CACL,EAR8B,CAQ9B,CAAC,YACD,EACJ,QAAQ,CAAC,GAAG,CAAC,UAAC,KAAK,EAAE,KAAK,IAAK,OAAA,CAC5B,uBAAiB,SAAS,EAAE,MAAG,WAAW,KAAK,KAAK,CAAC,CAAC,CAAC,EAAE,CAAC,CAAC,CAAC,QAAQ,CAAE,gBACjE,KAAK,KADA,KAAK,CAET,CACT,EAJ+B,CAI/B,CAAC,aACA,CACT,CAAC;AACN,CAAC,CAAC;AAEF,eAAe,IAAI,CAAC",
      "sourcesContent": [
        "import React, { ReactElement, useState } from \"react\";\r\n\r\nimport TabTitle from \"./tabTitle\";\r\n\r\ntype Props = {\r\n    children: ReactElement[];\r\n};\r\n\r\nconst Tabs = ({ children }: Props): ReactElement => {\r\n    const [selectedTab, setSelectedTab] = useState(0);\r\n\r\n    function handleSelectedTab(index: number): void {\r\n        setSelectedTab(index);\r\n    }\r\n\r\n    return (\r\n        <div data-testid=\"tabs-body\">\r\n            <ul className=\"flex list-none mt-3\">\r\n                {children.map((item, index) => (\r\n                    <TabTitle\r\n                        handleSelectedTab={handleSelectedTab}\r\n                        index={index}\r\n                        key={index}\r\n                        selectedTab={selectedTab}\r\n                        title={item.props.title}\r\n                    />\r\n                ))}\r\n            </ul>\r\n            {children.map((child, index) => (\r\n                <div key={index} className={`${selectedTab === index ? \"\" : \"hidden\"}`}>\r\n                    {child}\r\n                </div>\r\n            ))}\r\n        </div>\r\n    );\r\n};\r\n\r\nexport default Tabs;\r\n"
      ]
    },
    "_coverageSchema": "1a1c01bbd47fc00a2c39e90264f33305004495a9",
    "hash": "9871025f3cdda4771dedbef67ca7396efd668901"
  },
  "/home/tardigrade/PRO/Neo_Component/src/components/atoms/index.ts": {
    "path": "/home/tardigrade/PRO/Neo_Component/src/components/atoms/index.ts",
    "statementMap": {},
    "fnMap": {},
    "branchMap": {},
    "s": {},
    "f": {},
    "b": {},
    "inputSourceMap": {
      "version": 3,
      "file": "/home/tardigrade/PRO/Neo_Component/src/components/atoms/index.ts",
      "sourceRoot": "",
      "sources": [
        "/home/tardigrade/PRO/Neo_Component/src/components/atoms/index.ts"
      ],
      "names": [],
      "mappings": "AAAA,OAAO,UAAU,MAAM,mBAAmB,CAAC;AAC3C,OAAO,MAAM,MAAM,UAAU,CAAC;AAC9B,OAAO,YAAY,MAAM,gBAAgB,CAAC;AAC1C,OAAO,QAAQ,MAAM,YAAY,CAAC;AAClC,OAAO,GAAG,MAAM,OAAO,CAAC;AACxB,OAAO,gBAAgB,MAAM,0BAA0B,CAAC;AACxD,OAAO,OAAO,MAAM,kBAAkB,CAAC;AACvC,OAAO,QAAQ,MAAM,YAAY,CAAC;AAClC,OAAO,IAAI,MAAM,QAAQ,CAAC;AAC1B,OAAO,mBAAmB,MAAM,8BAA8B,CAAC;AAC/D,OAAO,mBAAmB,MAAM,8BAA8B,CAAC;AAC/D,OAAO,GAAG,MAAM,OAAO,CAAC;AACxB,OAAO,KAAK,MAAM,eAAe,CAAC;AAClC,OAAO,WAAW,MAAM,qBAAqB,CAAC;AAC9C,OAAO,cAAc,MAAM,wBAAwB,CAAC;AACpD,OAAO,aAAa,MAAM,uBAAuB,CAAC;AAClD,OAAO,SAAS,MAAM,mBAAmB,CAAC;AAC1C,OAAO,mBAAmB,MAAM,6BAA6B,CAAC;AAC9D,OAAO,WAAW,MAAM,qBAAqB,CAAC;AAC9C,OAAO,iBAAiB,MAAM,2BAA2B,CAAC;AAC1D,OAAO,aAAa,MAAM,uBAAuB,CAAC;AAClD,OAAO,MAAM,MAAM,UAAU,CAAC;AAC9B,OAAO,IAAI,MAAM,QAAQ,CAAC;AAC1B,OAAO,aAAa,MAAM,wBAAwB,CAAC;AACnD,OAAO,YAAY,MAAM,gBAAgB,CAAC;AAC1C,OAAO,GAAG,MAAM,YAAY,CAAC;AAC7B,OAAO,IAAI,MAAM,aAAa,CAAC;AAC/B,OAAO,QAAQ,MAAM,iBAAiB,CAAC;AACvC,OAAO,KAAK,MAAM,SAAS,CAAC;AAC5B,OAAO,OAAO,MAAM,WAAW,CAAC;AAEhC,OAAO,EACH,UAAU,EACV,MAAM,EACN,YAAY,EACZ,QAAQ,EACR,GAAG,EACH,gBAAgB,EAChB,OAAO,EACP,QAAQ,EACR,IAAI,EACJ,mBAAmB,EACnB,mBAAmB,EACnB,GAAG,EACH,KAAK,EACL,WAAW,EACX,cAAc,EACd,aAAa,EACb,SAAS,EACT,mBAAmB,EACnB,WAAW,EACX,iBAAiB,EACjB,aAAa,EACb,MAAM,EACN,IAAI,EACJ,aAAa,EACb,YAAY,EACZ,GAAG,EACH,IAAI,EACJ,QAAQ,EACR,KAAK,EACL,OAAO,GACV,CAAC",
      "sourcesContent": [
        "import BubbleChat from \"./chat/bubbleChat\";\r\nimport Button from \"./button\";\r\nimport ButtonSwitch from \"./buttonSwitch\";\r\nimport Checkbox from \"./checkBox\";\r\nimport Dot from \"./dot\";\r\nimport EditableTextarea from \"./input/editableTextArea\";\r\nimport Hexagon from \"./ticket/hexagon\";\r\nimport HexaPill from \"./hexaPill\";\r\nimport Icon from \"./icon\";\r\nimport IconOutageCategorie from \"./outage/iconOutageCategorie\";\r\nimport IconTicketCategorie from \"./ticket/iconTicketCategorie\";\r\nimport Img from \"./img\";\r\nimport Input from \"./input/input\";\r\nimport InputChoice from \"./input/inputChoice\";\r\nimport InputDateShift from \"./input/inputDateShift\";\r\nimport InputDateTime from \"./input/inputDateTime\";\r\nimport InputFile from \"./input/inputFile\";\r\nimport InputMultipleSelect from \"./input/inputMultipleSelect\";\r\nimport InputSelect from \"./input/inputSelect\";\r\nimport InputSimpleSelect from \"./input/inputSimpleSelect\";\r\nimport InputTextarea from \"./input/inputTextarea\";\r\nimport Loader from \"./loader\";\r\nimport Pill from \"./pill\";\r\nimport RequesterInfo from \"./ticket/requesterInfo\";\r\nimport SwitchToggle from \"./switchToggle\";\r\nimport Tab from \"./tabs/tab\";\r\nimport Tabs from \"./tabs/tabs\";\r\nimport TabTitle from \"./tabs/tabTitle\";\r\nimport Title from \"./title\";\r\nimport Tooltip from \"./tooltip\";\r\n\r\nexport {\r\n    BubbleChat,\r\n    Button,\r\n    ButtonSwitch,\r\n    Checkbox,\r\n    Dot,\r\n    EditableTextarea,\r\n    Hexagon,\r\n    HexaPill,\r\n    Icon,\r\n    IconOutageCategorie,\r\n    IconTicketCategorie,\r\n    Img,\r\n    Input,\r\n    InputChoice,\r\n    InputDateShift,\r\n    InputDateTime,\r\n    InputFile,\r\n    InputMultipleSelect,\r\n    InputSelect,\r\n    InputSimpleSelect,\r\n    InputTextarea,\r\n    Loader,\r\n    Pill,\r\n    RequesterInfo,\r\n    SwitchToggle,\r\n    Tab,\r\n    Tabs,\r\n    TabTitle,\r\n    Title,\r\n    Tooltip,\r\n};\r\n"
      ]
    },
    "_coverageSchema": "1a1c01bbd47fc00a2c39e90264f33305004495a9",
    "hash": "f8cc5e4bf266506936a84f8fccd093508e6eaeaa"
  }
}